<?xml version="1.0" encoding="UTF-8"?>
<!-- Generated by org.testng.reporters.JUnitXMLReporter -->
<testsuite hostname="GFI10247" ignored="0" name="Surefire test" tests="4" failures="0" timestamp="09 jun 2020 15:35:42 GMT" time="54.936" errors="0">
  <testcase name="pruebaCantidadDeCampos" time="0.028" classname="tests.Tests"/>
  <testcase name="pruebaDos" time="11.498" classname="tests.Tests"/>
  <testcase name="pruebaTres" time="11.801" classname="tests.Tests"/>
  <testcase name="pruebaUno" time="7.006" classname="tests.Tests"/>
</testsuite> <!-- Surefire test -->
