<?xml version="1.0" encoding="UTF-8"?>
<testng-results skipped="0" failed="0" ignored="0" total="4" passed="4">
  <reporter-output>
  </reporter-output>
  <suite name="Surefire suite" duration-ms="54936" started-at="2020-06-09T15:34:47Z" finished-at="2020-06-09T15:35:42Z">
    <groups>
    </groups>
    <test name="Surefire test" duration-ms="54936" started-at="2020-06-09T15:34:47Z" finished-at="2020-06-09T15:35:42Z">
      <class name="tests.Tests">
        <test-method status="PASS" signature="setUp()[pri:0, instance:tests.Tests@3fb6a447]" name="setUp" is-config="true" duration-ms="5606" started-at="2020-06-09T15:34:47Z" finished-at="2020-06-09T15:34:52Z">
          <reporter-output>
          </reporter-output>
        </test-method> <!-- setUp -->
        <test-method status="PASS" signature="pruebaCantidadDeCampos()[pri:0, instance:tests.Tests@3fb6a447]" name="pruebaCantidadDeCampos" duration-ms="28" started-at="2020-06-09T15:34:52Z" finished-at="2020-06-09T15:34:53Z">
          <reporter-output>
          </reporter-output>
        </test-method> <!-- pruebaCantidadDeCampos -->
        <test-method status="PASS" signature="tearDown(org.testng.ITestResult)[pri:0, instance:tests.Tests@3fb6a447]" name="tearDown" is-config="true" duration-ms="1166" started-at="2020-06-09T15:34:53Z" finished-at="2020-06-09T15:34:54Z">
          <params>
            <param index="0">
              <value>
                <![CDATA[[TestResult name=pruebaCantidadDeCampos status=SUCCESS method=Tests.pruebaCantidadDeCampos()[pri:0, instance:tests.Tests@3fb6a447] output={null}]]]>
              </value>
            </param>
          </params>
          <reporter-output>
          </reporter-output>
        </test-method> <!-- tearDown -->
        <test-method status="PASS" signature="setUp()[pri:0, instance:tests.Tests@3fb6a447]" name="setUp" is-config="true" duration-ms="4649" started-at="2020-06-09T15:34:54Z" finished-at="2020-06-09T15:34:58Z">
          <reporter-output>
          </reporter-output>
        </test-method> <!-- setUp -->
        <test-method status="PASS" signature="pruebaDos()[pri:0, instance:tests.Tests@3fb6a447]" name="pruebaDos" duration-ms="11498" started-at="2020-06-09T15:34:58Z" finished-at="2020-06-09T15:35:10Z">
          <reporter-output>
          </reporter-output>
        </test-method> <!-- pruebaDos -->
        <test-method status="PASS" signature="tearDown(org.testng.ITestResult)[pri:0, instance:tests.Tests@3fb6a447]" name="tearDown" is-config="true" duration-ms="1137" started-at="2020-06-09T15:35:10Z" finished-at="2020-06-09T15:35:11Z">
          <params>
            <param index="0">
              <value>
                <![CDATA[[TestResult name=pruebaDos status=SUCCESS method=Tests.pruebaDos()[pri:0, instance:tests.Tests@3fb6a447] output={null}]]]>
              </value>
            </param>
          </params>
          <reporter-output>
          </reporter-output>
        </test-method> <!-- tearDown -->
        <test-method status="PASS" signature="setUp()[pri:0, instance:tests.Tests@3fb6a447]" name="setUp" is-config="true" duration-ms="4606" started-at="2020-06-09T15:35:11Z" finished-at="2020-06-09T15:35:16Z">
          <reporter-output>
          </reporter-output>
        </test-method> <!-- setUp -->
        <test-method status="PASS" signature="pruebaTres()[pri:0, instance:tests.Tests@3fb6a447]" name="pruebaTres" duration-ms="11801" started-at="2020-06-09T15:35:16Z" finished-at="2020-06-09T15:35:27Z">
          <reporter-output>
          </reporter-output>
        </test-method> <!-- pruebaTres -->
        <test-method status="PASS" signature="tearDown(org.testng.ITestResult)[pri:0, instance:tests.Tests@3fb6a447]" name="tearDown" is-config="true" duration-ms="1133" started-at="2020-06-09T15:35:27Z" finished-at="2020-06-09T15:35:29Z">
          <params>
            <param index="0">
              <value>
                <![CDATA[[TestResult name=pruebaTres status=SUCCESS method=Tests.pruebaTres()[pri:0, instance:tests.Tests@3fb6a447] output={null}]]]>
              </value>
            </param>
          </params>
          <reporter-output>
          </reporter-output>
        </test-method> <!-- tearDown -->
        <test-method status="PASS" signature="setUp()[pri:0, instance:tests.Tests@3fb6a447]" name="setUp" is-config="true" duration-ms="4855" started-at="2020-06-09T15:35:29Z" finished-at="2020-06-09T15:35:33Z">
          <reporter-output>
          </reporter-output>
        </test-method> <!-- setUp -->
        <test-method status="PASS" signature="pruebaUno()[pri:0, instance:tests.Tests@3fb6a447]" name="pruebaUno" duration-ms="7006" started-at="2020-06-09T15:35:33Z" finished-at="2020-06-09T15:35:40Z">
          <reporter-output>
          </reporter-output>
        </test-method> <!-- pruebaUno -->
        <test-method status="PASS" signature="tearDown(org.testng.ITestResult)[pri:0, instance:tests.Tests@3fb6a447]" name="tearDown" is-config="true" duration-ms="1423" started-at="2020-06-09T15:35:40Z" finished-at="2020-06-09T15:35:42Z">
          <params>
            <param index="0">
              <value>
                <![CDATA[[TestResult name=pruebaUno status=SUCCESS method=Tests.pruebaUno()[pri:0, instance:tests.Tests@3fb6a447] output={null}]]]>
              </value>
            </param>
          </params>
          <reporter-output>
          </reporter-output>
        </test-method> <!-- tearDown -->
      </class> <!-- tests.Tests -->
    </test> <!-- Surefire test -->
  </suite> <!-- Surefire suite -->
</testng-results>
